<?xml version="1.0" encoding="UTF-8"?>
<testng-results skipped="0" failed="0" ignored="0" total="3" passed="3">
  <reporter-output>
  </reporter-output>
  <suite name="Suite" duration-ms="11044" started-at="2021-10-02T18:31:37Z" finished-at="2021-10-02T18:31:48Z">
    <groups>
    </groups>
    <test name="Test" duration-ms="11044" started-at="2021-10-02T18:31:37Z" finished-at="2021-10-02T18:31:48Z">
      <class name="org.base1.Parameters45">
        <test-method status="PASS" signature="beforeclass()[pri:0, instance:org.base1.Parameters45@480dd7]" name="beforeclass" is-config="true" duration-ms="9831" started-at="2021-10-03T00:01:37Z" finished-at="2021-10-03T00:01:47Z">
          <reporter-output>
          </reporter-output>
        </test-method> <!-- beforeclass -->
        <test-method status="PASS" signature="tc1(java.lang.String)[pri:0, instance:org.base1.Parameters45@480dd7]" name="tc1" duration-ms="134" started-at="2021-10-03T00:01:47Z" finished-at="2021-10-03T00:01:47Z">
          <params>
            <param index="0">
              <value>
                <![CDATA[8985813898]]>
              </value>
            </param>
          </params>
          <reporter-output>
          </reporter-output>
        </test-method> <!-- tc1 -->
        <test-method status="PASS" signature="beforemethod()[pri:0, instance:org.base1.Parameters45@480dd7]" name="beforemethod" is-config="true" duration-ms="0" started-at="2021-10-03T00:01:47Z" finished-at="2021-10-03T00:01:47Z">
          <reporter-output>
          </reporter-output>
        </test-method> <!-- beforemethod -->
        <test-method status="PASS" signature="tc3(java.lang.String)[pri:1, instance:org.base1.Parameters45@480dd7]" name="tc3" duration-ms="132" started-at="2021-10-03T00:01:47Z" finished-at="2021-10-03T00:01:47Z">
          <params>
            <param index="0">
              <value>
                <![CDATA[RQ7WEV]]>
              </value>
            </param>
          </params>
          <reporter-output>
          </reporter-output>
        </test-method> <!-- tc3 -->
        <test-method status="PASS" signature="beforemethod()[pri:0, instance:org.base1.Parameters45@480dd7]" name="beforemethod" is-config="true" duration-ms="0" started-at="2021-10-03T00:01:47Z" finished-at="2021-10-03T00:01:47Z">
          <reporter-output>
          </reporter-output>
        </test-method> <!-- beforemethod -->
        <test-method status="PASS" signature="tc5()[pri:2, instance:org.base1.Parameters45@480dd7]" name="tc5" duration-ms="915" started-at="2021-10-03T00:01:47Z" finished-at="2021-10-03T00:01:48Z">
          <reporter-output>
          </reporter-output>
        </test-method> <!-- tc5 -->
        <test-method status="PASS" signature="beforemethod()[pri:0, instance:org.base1.Parameters45@480dd7]" name="beforemethod" is-config="true" duration-ms="0" started-at="2021-10-03T00:01:47Z" finished-at="2021-10-03T00:01:47Z">
          <reporter-output>
          </reporter-output>
        </test-method> <!-- beforemethod -->
      </class> <!-- org.base1.Parameters45 -->
    </test> <!-- Test -->
  </suite> <!-- Suite -->
</testng-results>
